Arguments: 
  /usr/local/bin/node /usr/local/Cellar/yarn/1.22.10/libexec/bin/yarn.js global bin

PATH: 
  /usr/local/bin:/usr/bin:/bin:/usr/sbin:/sbin:/Library/Apple/usr/bin:/Users/yanagisawahidetoshi/.nodenv/shims:/Users/yanagisawahidetoshi/.nodenv/bin:/Users/yanagisawahidetoshi/.rbenv/shims:~/.rbenv/shims:/Users/yanagisawahidetoshi/.rbenv/bin:/Users/yanagisawahidetoshi/Library/Android/sdk/emulator:/Users/yanagisawahidetoshi/Library/Android/sdk/tools:/Users/yanagisawahidetoshi/Library/Android/sdk/tools/bin:/Users/yanagisawahidetoshi/Library/Android/sdk/platform-tools://flutter/bin

Yarn version: 
  1.22.10

Node version: 
  12.11.1

Platform: 
  darwin x64

Trace: 
  SyntaxError: /Users/yanagisawahidetoshi/works/portfolio/package.json: Unexpected end of JSON input
      at JSON.parse (<anonymous>)
      at /usr/local/Cellar/yarn/1.22.10/libexec/lib/cli.js:1625:59
      at Generator.next (<anonymous>)
      at step (/usr/local/Cellar/yarn/1.22.10/libexec/lib/cli.js:310:30)
      at /usr/local/Cellar/yarn/1.22.10/libexec/lib/cli.js:321:13

npm manifest: 
  

yarn manifest: 
  No manifest

Lockfile: 
  No lockfile
